[debug] [2025-09-19T13:55:12.247Z] ----------------------------------------------------------------------
[debug] [2025-09-19T13:55:12.250Z] Command:       C:\Program Files\nodejs\node.exe C:\Users\cripp\AppData\Roaming\npm\node_modules\firebase-tools\lib\bin\firebase.js projects:create angular_buzz_developer
[debug] [2025-09-19T13:55:12.251Z] CLI Version:   14.17.0
[debug] [2025-09-19T13:55:12.251Z] Platform:      win32
[debug] [2025-09-19T13:55:12.251Z] Node Version:  v22.17.0
[debug] [2025-09-19T13:55:12.251Z] Time:          Fri Sep 19 2025 10:55:12 GMT-0300 (Horário Padrão de Brasília)
[debug] [2025-09-19T13:55:12.252Z] ----------------------------------------------------------------------
[debug] 
[debug] [2025-09-19T13:55:12.258Z] > command requires scopes: ["email","openid","https://www.googleapis.com/auth/cloudplatformprojects.readonly","https://www.googleapis.com/auth/firebase","https://www.googleapis.com/auth/cloud-platform"]
[debug] [2025-09-19T13:55:12.259Z] > authorizing via signed-in user (crippa.fabiocrippa@gmail.com)
[debug] [2025-09-19T13:55:44.423Z] Checked if tokens are valid: true, expires at: 1758292577711
[debug] [2025-09-19T13:55:44.423Z] Checked if tokens are valid: true, expires at: 1758292577711
[debug] [2025-09-19T13:55:44.424Z] >>> [apiv2][query] POST https://cloudresourcemanager.googleapis.com/v1/projects [none]
[debug] [2025-09-19T13:55:44.424Z] >>> [apiv2][body] POST https://cloudresourcemanager.googleapis.com/v1/projects {"projectId":"angular_buzz_developer","name":"angular_buzz_developer"}
[debug] [2025-09-19T13:55:45.399Z] <<< [apiv2][status] POST https://cloudresourcemanager.googleapis.com/v1/projects 400
[debug] [2025-09-19T13:55:45.399Z] <<< [apiv2][body] POST https://cloudresourcemanager.googleapis.com/v1/projects {"error":{"code":400,"message":"Request contains an invalid argument.","status":"INVALID_ARGUMENT","details":[{"@type":"type.googleapis.com/google.rpc.BadRequest","fieldViolations":[{"field":"project_id","description":"project_id contains invalid characters"},{"field":"display_name","description":"project display name contains invalid characters"}]},{"@type":"type.googleapis.com/google.rpc.Help","links":[{"url":"https://cloud.google.com/resource-manager/reference/rest/v1/projects"}]}]}}
[debug] [2025-09-19T13:55:45.578Z] FirebaseError: Request to https://cloudresourcemanager.googleapis.com/v1/projects had HTTP Error: 400, Request contains an invalid argument.
    at responseToError (C:\Users\cripp\AppData\Roaming\npm\node_modules\firebase-tools\lib\responseToError.js:52:12)
    at RetryOperation._fn (C:\Users\cripp\AppData\Roaming\npm\node_modules\firebase-tools\lib\apiv2.js:312:77)
    at process.processTicksAndRejections (node:internal/process/task_queues:105:5)
[error] 
[error] Error: Failed to create project. See firebase-debug.log for more info.
